[NX Daemon Server] - 2024-06-21T20:58:49.961Z - Started listening on: /tmp/0bacbe7d1271f877cd88/d.sock
[NX Daemon Server] - 2024-06-21T20:58:49.966Z - [WATCHER]: Subscribed to changes within: /home/david/Development/g20mono (native)
[NX Daemon Server] - 2024-06-21T20:58:49.970Z - Established a connection. Number of open connections: 1
[NX Daemon Server] - 2024-06-21T20:58:49.972Z - Established a connection. Number of open connections: 2
[NX Daemon Server] - 2024-06-21T20:58:49.975Z - Closed a connection. Number of open connections: 1
[NX Daemon Server] - 2024-06-21T20:58:49.977Z - [REQUEST]: Client Request for Project Graph Received
[NX Daemon Server] - 2024-06-21T20:58:49.997Z - [REQUEST]: Updated workspace context based on watched changes, recomputing project graph...
[NX Daemon Server] - 2024-06-21T20:58:49.997Z - [REQUEST]: 
[NX Daemon Server] - 2024-06-21T20:58:49.997Z - [REQUEST]: 
[NX Daemon Server] - 2024-06-21T20:58:50.258Z - [REQUEST]: Responding to the client. project-graph
[NX Daemon Server] - 2024-06-21T20:58:50.260Z - Time taken for 'total for creating and serializing project graph' 281.533188ms
[NX Daemon Server] - 2024-06-21T20:58:50.263Z - Done responding to the client project-graph
[NX Daemon Server] - 2024-06-21T20:58:50.263Z - Handled REQUEST_PROJECT_GRAPH. Handling time: 282. Response time: 5.
[NX Daemon Server] - 2024-06-21T20:58:50.278Z - [REQUEST]: Responding to the client. handleContextFileData
[NX Daemon Server] - 2024-06-21T20:58:50.278Z - Done responding to the client handleContextFileData
[NX Daemon Server] - 2024-06-21T20:58:50.279Z - Handled GET_CONTEXT_FILE_DATA. Handling time: 1. Response time: 1.
[NX Daemon Server] - 2024-06-21T20:58:50.355Z - [REQUEST]: Client Request for Project Graph Received
[NX Daemon Server] - 2024-06-21T20:58:50.355Z - [REQUEST]: Responding to the client. project-graph
[NX Daemon Server] - 2024-06-21T20:58:50.357Z - Time taken for 'total for creating and serializing project graph' 0.4627809999999499ms
[NX Daemon Server] - 2024-06-21T20:58:50.358Z - Done responding to the client project-graph
[NX Daemon Server] - 2024-06-21T20:58:50.358Z - Handled REQUEST_PROJECT_GRAPH. Handling time: 0. Response time: 3.
[NX Daemon Server] - 2024-06-21T20:58:50.406Z - [REQUEST]: Responding to the client. handleHashTasks
[NX Daemon Server] - 2024-06-21T20:58:50.406Z - Done responding to the client handleHashTasks
[NX Daemon Server] - 2024-06-21T20:58:50.406Z - Handled HASH_TASKS. Handling time: 26. Response time: 0.
[NX Daemon Server] - 2024-06-21T20:58:55.545Z - [REQUEST]: Responding to the client. recordOutputsHash
[NX Daemon Server] - 2024-06-21T20:58:55.566Z - Done responding to the client recordOutputsHash
[NX Daemon Server] - 2024-06-21T20:58:55.566Z - Handled RECORD_OUTPUTS_HASH. Handling time: 0. Response time: 21.
[NX Daemon Server] - 2024-06-21T20:58:56.038Z - [REQUEST]: Responding to the client. recordOutputsHash
[NX Daemon Server] - 2024-06-21T20:58:56.041Z - Done responding to the client recordOutputsHash
[NX Daemon Server] - 2024-06-21T20:58:56.041Z - Handled RECORD_OUTPUTS_HASH. Handling time: 0. Response time: 3.
[NX Daemon Server] - 2024-06-21T20:58:56.048Z - [REQUEST]: Responding to the client. recordOutputsHash
[NX Daemon Server] - 2024-06-21T20:58:56.050Z - Done responding to the client recordOutputsHash
[NX Daemon Server] - 2024-06-21T20:58:56.051Z - Handled RECORD_OUTPUTS_HASH. Handling time: 0. Response time: 3.
[NX Daemon Server] - 2024-06-21T20:58:56.076Z - [REQUEST]: Responding to the client. recordOutputsHash
[NX Daemon Server] - 2024-06-21T20:58:56.077Z - Done responding to the client recordOutputsHash
[NX Daemon Server] - 2024-06-21T20:58:56.077Z - Handled RECORD_OUTPUTS_HASH. Handling time: 0. Response time: 1.
[NX Daemon Server] - 2024-06-21T20:58:56.115Z - [REQUEST]: Responding to the client. recordOutputsHash
[NX Daemon Server] - 2024-06-21T20:58:56.124Z - Done responding to the client recordOutputsHash
[NX Daemon Server] - 2024-06-21T20:58:56.124Z - Handled RECORD_OUTPUTS_HASH. Handling time: 0. Response time: 9.
[NX Daemon Server] - 2024-06-21T20:58:56.145Z - [REQUEST]: Responding to the client. recordOutputsHash
[NX Daemon Server] - 2024-06-21T20:58:56.145Z - Done responding to the client recordOutputsHash
[NX Daemon Server] - 2024-06-21T20:58:56.145Z - Handled RECORD_OUTPUTS_HASH. Handling time: 0. Response time: 0.
[NX Daemon Server] - 2024-06-21T20:58:56.763Z - [REQUEST]: Responding to the client. recordOutputsHash
[NX Daemon Server] - 2024-06-21T20:58:56.765Z - Done responding to the client recordOutputsHash
[NX Daemon Server] - 2024-06-21T20:58:56.767Z - Handled RECORD_OUTPUTS_HASH. Handling time: 0. Response time: 3.
[NX Daemon Server] - 2024-06-21T20:58:59.931Z - [REQUEST]: Responding to the client. recordOutputsHash
[NX Daemon Server] - 2024-06-21T20:58:59.933Z - Done responding to the client recordOutputsHash
[NX Daemon Server] - 2024-06-21T20:58:59.935Z - Handled RECORD_OUTPUTS_HASH. Handling time: 0. Response time: 4.
[NX Daemon Server] - 2024-06-21T20:59:00.045Z - [REQUEST]: Responding to the client. recordOutputsHash
[NX Daemon Server] - 2024-06-21T20:59:00.045Z - Done responding to the client recordOutputsHash
[NX Daemon Server] - 2024-06-21T20:59:00.045Z - Handled RECORD_OUTPUTS_HASH. Handling time: 0. Response time: 0.
[NX Daemon Server] - 2024-06-21T20:59:00.055Z - [REQUEST]: Responding to the client. recordOutputsHash
[NX Daemon Server] - 2024-06-21T20:59:00.055Z - Done responding to the client recordOutputsHash
[NX Daemon Server] - 2024-06-21T20:59:00.055Z - Handled RECORD_OUTPUTS_HASH. Handling time: 0. Response time: 0.
[NX Daemon Server] - 2024-06-21T20:59:00.067Z - [REQUEST]: Responding to the client. recordOutputsHash
[NX Daemon Server] - 2024-06-21T20:59:00.068Z - Done responding to the client recordOutputsHash
[NX Daemon Server] - 2024-06-21T20:59:00.068Z - Handled RECORD_OUTPUTS_HASH. Handling time: 0. Response time: 1.
[NX Daemon Server] - 2024-06-21T20:59:00.190Z - [REQUEST]: Responding to the client. recordOutputsHash
[NX Daemon Server] - 2024-06-21T20:59:00.190Z - Done responding to the client recordOutputsHash
[NX Daemon Server] - 2024-06-21T20:59:00.190Z - Handled RECORD_OUTPUTS_HASH. Handling time: 0. Response time: 0.
[NX Daemon Server] - 2024-06-21T20:59:00.211Z - [REQUEST]: Responding to the client. recordOutputsHash
[NX Daemon Server] - 2024-06-21T20:59:00.211Z - Done responding to the client recordOutputsHash
[NX Daemon Server] - 2024-06-21T20:59:00.212Z - Handled RECORD_OUTPUTS_HASH. Handling time: 0. Response time: 1.
[NX Daemon Server] - 2024-06-21T20:59:00.227Z - Closed a connection. Number of open connections: 0
[NX Daemon Server] - 2024-06-21T20:59:01.216Z - Established a connection. Number of open connections: 1
[NX Daemon Server] - 2024-06-21T20:59:01.217Z - Closed a connection. Number of open connections: 0
[NX Daemon Server] - 2024-06-21T20:59:01.218Z - Established a connection. Number of open connections: 1
[NX Daemon Server] - 2024-06-21T20:59:01.219Z - [REQUEST]: Client Request for Project Graph Received
[NX Daemon Server] - 2024-06-21T20:59:01.220Z - [REQUEST]: Responding to the client. project-graph
[NX Daemon Server] - 2024-06-21T20:59:01.221Z - Time taken for 'total for creating and serializing project graph' 0.43483999999989464ms
[NX Daemon Server] - 2024-06-21T20:59:01.223Z - Done responding to the client project-graph
[NX Daemon Server] - 2024-06-21T20:59:01.223Z - Handled REQUEST_PROJECT_GRAPH. Handling time: 1. Response time: 3.
[NX Daemon Server] - 2024-06-21T20:59:01.233Z - [REQUEST]: Responding to the client. handleContextFileData
[NX Daemon Server] - 2024-06-21T20:59:01.234Z - Done responding to the client handleContextFileData
[NX Daemon Server] - 2024-06-21T20:59:01.234Z - Handled GET_CONTEXT_FILE_DATA. Handling time: 1. Response time: 1.
[NX Daemon Server] - 2024-06-21T20:59:01.305Z - [REQUEST]: Client Request for Project Graph Received
[NX Daemon Server] - 2024-06-21T20:59:01.305Z - [REQUEST]: Responding to the client. project-graph
[NX Daemon Server] - 2024-06-21T20:59:01.307Z - Time taken for 'total for creating and serializing project graph' 0.28184699999837903ms
[NX Daemon Server] - 2024-06-21T20:59:01.309Z - Done responding to the client project-graph
[NX Daemon Server] - 2024-06-21T20:59:01.309Z - Handled REQUEST_PROJECT_GRAPH. Handling time: 0. Response time: 4.
[NX Daemon Server] - 2024-06-21T20:59:01.332Z - [REQUEST]: Responding to the client. handleHashTasks
[NX Daemon Server] - 2024-06-21T20:59:01.332Z - Done responding to the client handleHashTasks
[NX Daemon Server] - 2024-06-21T20:59:01.332Z - Handled HASH_TASKS. Handling time: 10. Response time: 0.
[NX Daemon Server] - 2024-06-21T20:59:04.504Z - [WATCHER]: Processing file changes in outputs
[NX Daemon Server] - 2024-06-21T20:59:04.505Z - [WATCHER]: packages/reactive/rollup.config-1719003544452.mjs was created or restored
[NX Daemon Server] - 2024-06-21T20:59:04.606Z - [REQUEST]: Updated workspace context based on watched changes, recomputing project graph...
[NX Daemon Server] - 2024-06-21T20:59:04.606Z - [REQUEST]: packages/reactive/rollup.config-1719003544452.mjs
[NX Daemon Server] - 2024-06-21T20:59:04.606Z - [REQUEST]: 
[NX Daemon Server] - 2024-06-21T20:59:04.709Z - Time taken for 'hash changed files from watcher' 0.5740640000003623ms
[NX Daemon Server] - 2024-06-21T20:59:06.793Z - [WATCHER]: Processing file changes in outputs
[NX Daemon Server] - 2024-06-21T20:59:07.237Z - [WATCHER]: Processing file changes in outputs
[NX Daemon Server] - 2024-06-21T20:59:07.295Z - [WATCHER]: Processing file changes in outputs
[NX Daemon Server] - 2024-06-21T20:59:07.315Z - [REQUEST]: Responding to the client. recordOutputsHash
[NX Daemon Server] - 2024-06-21T20:59:07.315Z - Done responding to the client recordOutputsHash
[NX Daemon Server] - 2024-06-21T20:59:07.315Z - Handled RECORD_OUTPUTS_HASH. Handling time: 12. Response time: 0.
[NX Daemon Server] - 2024-06-21T20:59:12.675Z - [WATCHER]: packages/core/rollup.config-1719003552622.mjs was created or restored
[NX Daemon Server] - 2024-06-21T20:59:12.675Z - [WATCHER]: Processing file changes in outputs
[NX Daemon Server] - 2024-06-21T20:59:12.776Z - [REQUEST]: Updated workspace context based on watched changes, recomputing project graph...
[NX Daemon Server] - 2024-06-21T20:59:12.776Z - [REQUEST]: packages/core/rollup.config-1719003552622.mjs
[NX Daemon Server] - 2024-06-21T20:59:12.776Z - [REQUEST]: 
[NX Daemon Server] - 2024-06-21T20:59:12.865Z - Time taken for 'hash changed files from watcher' 0.5542920000007143ms
[NX Daemon Server] - 2024-06-21T20:59:18.585Z - [WATCHER]: Processing file changes in outputs
[NX Daemon Server] - 2024-06-21T20:59:18.637Z - [WATCHER]: Processing file changes in outputs
[NX Daemon Server] - 2024-06-21T20:59:20.495Z - [WATCHER]: Processing file changes in outputs
[NX Daemon Server] - 2024-06-21T20:59:20.573Z - [WATCHER]: Processing file changes in outputs
[NX Daemon Server] - 2024-06-21T20:59:20.788Z - [WATCHER]: Processing file changes in outputs
[NX Daemon Server] - 2024-06-21T20:59:20.838Z - [REQUEST]: Responding to the client. recordOutputsHash
[NX Daemon Server] - 2024-06-21T20:59:20.838Z - Done responding to the client recordOutputsHash
[NX Daemon Server] - 2024-06-21T20:59:20.839Z - Handled RECORD_OUTPUTS_HASH. Handling time: 12. Response time: 1.
[NX Daemon Server] - 2024-06-21T20:59:31.962Z - [WATCHER]: packages/server/rollup.config-1719003571907.mjs was created or restored
[NX Daemon Server] - 2024-06-21T20:59:31.963Z - [WATCHER]: Processing file changes in outputs
[NX Daemon Server] - 2024-06-21T20:59:32.045Z - [WATCHER]: packages/server/rollup.config-1719003571907.mjs was modified
[NX Daemon Server] - 2024-06-21T20:59:32.047Z - [WATCHER]: Processing file changes in outputs
[NX Daemon Server] - 2024-06-21T20:59:32.063Z - [REQUEST]: Updated workspace context based on watched changes, recomputing project graph...
[NX Daemon Server] - 2024-06-21T20:59:32.065Z - [REQUEST]: packages/server/rollup.config-1719003571907.mjs
[NX Daemon Server] - 2024-06-21T20:59:32.065Z - [REQUEST]: 
[NX Daemon Server] - 2024-06-21T20:59:32.455Z - [WATCHER]: packages/mock/rollup.config-1719003572069.mjs was created or restored
[NX Daemon Server] - 2024-06-21T20:59:32.456Z - [WATCHER]: Processing file changes in outputs
[NX Daemon Server] - 2024-06-21T20:59:32.458Z - Time taken for 'hash changed files from watcher' 0.6816940000062459ms
[NX Daemon Server] - 2024-06-21T20:59:32.560Z - [REQUEST]: Updated workspace context based on watched changes, recomputing project graph...
[NX Daemon Server] - 2024-06-21T20:59:32.560Z - [REQUEST]: packages/mock/rollup.config-1719003572069.mjs
[NX Daemon Server] - 2024-06-21T20:59:32.560Z - [REQUEST]: 
[NX Daemon Server] - 2024-06-21T20:59:32.810Z - [WATCHER]: packages/grid/rollup.config-1719003572612.mjs was created or restored
[NX Daemon Server] - 2024-06-21T20:59:32.811Z - [WATCHER]: packages/texture/rollup.config-1719003572731.mjs was created or restored
[NX Daemon Server] - 2024-06-21T20:59:32.812Z - [WATCHER]: Processing file changes in outputs
[NX Daemon Server] - 2024-06-21T20:59:32.812Z - [WATCHER]: Processing file changes in outputs
[NX Daemon Server] - 2024-06-21T20:59:32.812Z - Time taken for 'hash changed files from watcher' 0.7858820000037667ms
[NX Daemon Server] - 2024-06-21T20:59:32.919Z - [REQUEST]: Updated workspace context based on watched changes, recomputing project graph...
[NX Daemon Server] - 2024-06-21T20:59:32.919Z - [REQUEST]: packages/grid/rollup.config-1719003572612.mjs,packages/texture/rollup.config-1719003572731.mjs
[NX Daemon Server] - 2024-06-21T20:59:32.919Z - [REQUEST]: 
[NX Daemon Server] - 2024-06-21T20:59:33.122Z - Time taken for 'hash changed files from watcher' 1.3699560000022757ms
[NX Daemon Server] - 2024-06-21T20:59:33.295Z - [WATCHER]: packages/svg/rollup.config-1719003573235.mjs was created or restored
[NX Daemon Server] - 2024-06-21T20:59:33.295Z - [WATCHER]: Processing file changes in outputs
[NX Daemon Server] - 2024-06-21T20:59:33.396Z - [REQUEST]: Updated workspace context based on watched changes, recomputing project graph...
[NX Daemon Server] - 2024-06-21T20:59:33.396Z - [REQUEST]: packages/svg/rollup.config-1719003573235.mjs
[NX Daemon Server] - 2024-06-21T20:59:33.396Z - [REQUEST]: 
[NX Daemon Server] - 2024-06-21T20:59:33.625Z - [WATCHER]: 2 file(s) created or restored, 0 file(s) modified, 0 file(s) deleted
[NX Daemon Server] - 2024-06-21T20:59:33.626Z - [WATCHER]: packages/gradient/rollup.config-1719003573395.mjs was modified
[NX Daemon Server] - 2024-06-21T20:59:33.626Z - [WATCHER]: Processing file changes in outputs
[NX Daemon Server] - 2024-06-21T20:59:33.626Z - [WATCHER]: Processing file changes in outputs
[NX Daemon Server] - 2024-06-21T20:59:33.635Z - Time taken for 'hash changed files from watcher' 0.6549820000000182ms
[NX Daemon Server] - 2024-06-21T20:59:33.729Z - [REQUEST]: Updated workspace context based on watched changes, recomputing project graph...
[NX Daemon Server] - 2024-06-21T20:59:33.729Z - [REQUEST]: packages/player/rollup.config-1719003573358.mjs,packages/gradient/rollup.config-1719003573395.mjs
[NX Daemon Server] - 2024-06-21T20:59:33.729Z - [REQUEST]: 
[NX Daemon Server] - 2024-06-21T20:59:33.873Z - Time taken for 'hash changed files from watcher' 2.6938389999995707ms
[NX Daemon Server] - 2024-06-21T20:59:38.451Z - [WATCHER]: Processing file changes in outputs
[NX Daemon Server] - 2024-06-21T20:59:39.049Z - [WATCHER]: Processing file changes in outputs
[NX Daemon Server] - 2024-06-21T20:59:39.201Z - [WATCHER]: Processing file changes in outputs
[NX Daemon Server] - 2024-06-21T20:59:39.357Z - [WATCHER]: Processing file changes in outputs
[NX Daemon Server] - 2024-06-21T20:59:39.501Z - [WATCHER]: Processing file changes in outputs
[NX Daemon Server] - 2024-06-21T20:59:39.549Z - [WATCHER]: Processing file changes in outputs
[NX Daemon Server] - 2024-06-21T20:59:39.644Z - [REQUEST]: Responding to the client. recordOutputsHash
[NX Daemon Server] - 2024-06-21T20:59:39.644Z - Done responding to the client recordOutputsHash
[NX Daemon Server] - 2024-06-21T20:59:39.644Z - Handled RECORD_OUTPUTS_HASH. Handling time: 27. Response time: 0.
[NX Daemon Server] - 2024-06-21T20:59:40.195Z - [WATCHER]: Processing file changes in outputs
[NX Daemon Server] - 2024-06-21T20:59:40.267Z - [WATCHER]: Processing file changes in outputs
[NX Daemon Server] - 2024-06-21T20:59:40.340Z - [WATCHER]: Processing file changes in outputs
[NX Daemon Server] - 2024-06-21T20:59:40.403Z - [WATCHER]: Processing file changes in outputs
[NX Daemon Server] - 2024-06-21T20:59:40.440Z - [REQUEST]: Responding to the client. recordOutputsHash
[NX Daemon Server] - 2024-06-21T20:59:40.442Z - Done responding to the client recordOutputsHash
[NX Daemon Server] - 2024-06-21T20:59:40.443Z - Handled RECORD_OUTPUTS_HASH. Handling time: 17. Response time: 3.
[NX Daemon Server] - 2024-06-21T20:59:40.486Z - [WATCHER]: Processing file changes in outputs
[NX Daemon Server] - 2024-06-21T20:59:40.556Z - [REQUEST]: Responding to the client. recordOutputsHash
[NX Daemon Server] - 2024-06-21T20:59:40.556Z - Done responding to the client recordOutputsHash
[NX Daemon Server] - 2024-06-21T20:59:40.557Z - Handled RECORD_OUTPUTS_HASH. Handling time: 31. Response time: 1.
[NX Daemon Server] - 2024-06-21T20:59:40.557Z - [WATCHER]: Processing file changes in outputs
[NX Daemon Server] - 2024-06-21T20:59:40.605Z - [REQUEST]: Responding to the client. recordOutputsHash
[NX Daemon Server] - 2024-06-21T20:59:40.611Z - Done responding to the client recordOutputsHash
[NX Daemon Server] - 2024-06-21T20:59:40.611Z - Handled RECORD_OUTPUTS_HASH. Handling time: 22. Response time: 6.
[NX Daemon Server] - 2024-06-21T20:59:40.642Z - [WATCHER]: Processing file changes in outputs
[NX Daemon Server] - 2024-06-21T20:59:41.134Z - [WATCHER]: Processing file changes in outputs
[NX Daemon Server] - 2024-06-21T20:59:41.220Z - [WATCHER]: Processing file changes in outputs
[NX Daemon Server] - 2024-06-21T20:59:41.291Z - [WATCHER]: Processing file changes in outputs
[NX Daemon Server] - 2024-06-21T20:59:41.346Z - [WATCHER]: Processing file changes in outputs
[NX Daemon Server] - 2024-06-21T20:59:41.367Z - [REQUEST]: Responding to the client. recordOutputsHash
[NX Daemon Server] - 2024-06-21T20:59:41.368Z - Done responding to the client recordOutputsHash
[NX Daemon Server] - 2024-06-21T20:59:41.368Z - Handled RECORD_OUTPUTS_HASH. Handling time: 15. Response time: 1.
[NX Daemon Server] - 2024-06-21T20:59:41.461Z - [WATCHER]: Processing file changes in outputs
[NX Daemon Server] - 2024-06-21T20:59:41.548Z - [REQUEST]: Responding to the client. recordOutputsHash
[NX Daemon Server] - 2024-06-21T20:59:41.549Z - Done responding to the client recordOutputsHash
[NX Daemon Server] - 2024-06-21T20:59:41.549Z - Handled RECORD_OUTPUTS_HASH. Handling time: 14. Response time: 1.
[NX Daemon Server] - 2024-06-21T20:59:41.679Z - [WATCHER]: Processing file changes in outputs
[NX Daemon Server] - 2024-06-21T20:59:41.760Z - [WATCHER]: Processing file changes in outputs
[NX Daemon Server] - 2024-06-21T20:59:41.774Z - [REQUEST]: Responding to the client. recordOutputsHash
[NX Daemon Server] - 2024-06-21T20:59:41.774Z - Done responding to the client recordOutputsHash
[NX Daemon Server] - 2024-06-21T20:59:41.774Z - Handled RECORD_OUTPUTS_HASH. Handling time: 7. Response time: 0.
[NX Daemon Server] - 2024-06-21T20:59:46.602Z - [WATCHER]: packages/graphics/rollup.config-1719003586549.mjs was created or restored
[NX Daemon Server] - 2024-06-21T20:59:46.609Z - [WATCHER]: Processing file changes in outputs
[NX Daemon Server] - 2024-06-21T20:59:46.704Z - [REQUEST]: Updated workspace context based on watched changes, recomputing project graph...
[NX Daemon Server] - 2024-06-21T20:59:46.704Z - [REQUEST]: packages/graphics/rollup.config-1719003586549.mjs
[NX Daemon Server] - 2024-06-21T20:59:46.704Z - [REQUEST]: 
[NX Daemon Server] - 2024-06-21T20:59:46.817Z - Time taken for 'hash changed files from watcher' 0.6465790000002016ms
[NX Daemon Server] - 2024-06-21T20:59:47.329Z - [WATCHER]: packages/euclid/rollup.config-1719003587275.mjs was created or restored
[NX Daemon Server] - 2024-06-21T20:59:47.329Z - [WATCHER]: Processing file changes in outputs
[NX Daemon Server] - 2024-06-21T20:59:47.431Z - [REQUEST]: Updated workspace context based on watched changes, recomputing project graph...
[NX Daemon Server] - 2024-06-21T20:59:47.431Z - [REQUEST]: packages/euclid/rollup.config-1719003587275.mjs
[NX Daemon Server] - 2024-06-21T20:59:47.431Z - [REQUEST]: 
[NX Daemon Server] - 2024-06-21T20:59:47.540Z - Time taken for 'hash changed files from watcher' 0.6903850000016973ms
[NX Daemon Server] - 2024-06-21T20:59:47.857Z - [WATCHER]: packages/canvas/rollup.config-1719003587803.mjs was created or restored
[NX Daemon Server] - 2024-06-21T20:59:47.857Z - [WATCHER]: Processing file changes in outputs
[NX Daemon Server] - 2024-06-21T20:59:47.959Z - [REQUEST]: Updated workspace context based on watched changes, recomputing project graph...
[NX Daemon Server] - 2024-06-21T20:59:47.959Z - [REQUEST]: packages/canvas/rollup.config-1719003587803.mjs
[NX Daemon Server] - 2024-06-21T20:59:47.959Z - [REQUEST]: 
[NX Daemon Server] - 2024-06-21T20:59:48.039Z - Time taken for 'hash changed files from watcher' 0.6320160000032047ms
[NX Daemon Server] - 2024-06-21T20:59:49.931Z - [WATCHER]: Processing file changes in outputs
[NX Daemon Server] - 2024-06-21T20:59:50.324Z - [WATCHER]: Processing file changes in outputs
[NX Daemon Server] - 2024-06-21T20:59:50.406Z - [WATCHER]: Processing file changes in outputs
[NX Daemon Server] - 2024-06-21T20:59:50.463Z - [WATCHER]: Processing file changes in outputs
[NX Daemon Server] - 2024-06-21T20:59:50.502Z - [REQUEST]: Responding to the client. recordOutputsHash
[NX Daemon Server] - 2024-06-21T20:59:50.502Z - Done responding to the client recordOutputsHash
[NX Daemon Server] - 2024-06-21T20:59:50.503Z - Handled RECORD_OUTPUTS_HASH. Handling time: 10. Response time: 1.
[NX Daemon Server] - 2024-06-21T20:59:50.576Z - [WATCHER]: Processing file changes in outputs
[NX Daemon Server] - 2024-06-21T20:59:50.830Z - [WATCHER]: Processing file changes in outputs
[NX Daemon Server] - 2024-06-21T20:59:50.931Z - [REQUEST]: Responding to the client. recordOutputsHash
[NX Daemon Server] - 2024-06-21T20:59:50.931Z - Done responding to the client recordOutputsHash
[NX Daemon Server] - 2024-06-21T20:59:50.931Z - Handled RECORD_OUTPUTS_HASH. Handling time: 14. Response time: 0.
[NX Daemon Server] - 2024-06-21T20:59:52.257Z - [WATCHER]: Processing file changes in outputs
[NX Daemon Server] - 2024-06-21T20:59:54.628Z - [WATCHER]: Processing file changes in outputs
[NX Daemon Server] - 2024-06-21T20:59:54.673Z - [REQUEST]: Responding to the client. recordOutputsHash
[NX Daemon Server] - 2024-06-21T20:59:54.673Z - Done responding to the client recordOutputsHash
[NX Daemon Server] - 2024-06-21T20:59:54.673Z - Handled RECORD_OUTPUTS_HASH. Handling time: 7. Response time: 0.
[NX Daemon Server] - 2024-06-21T20:59:58.067Z - [WATCHER]: packages/browser/rollup.config-1719003598015.mjs was created or restored
[NX Daemon Server] - 2024-06-21T20:59:58.068Z - [WATCHER]: Processing file changes in outputs
[NX Daemon Server] - 2024-06-21T20:59:58.168Z - [REQUEST]: Updated workspace context based on watched changes, recomputing project graph...
[NX Daemon Server] - 2024-06-21T20:59:58.168Z - [REQUEST]: packages/browser/rollup.config-1719003598015.mjs
[NX Daemon Server] - 2024-06-21T20:59:58.169Z - [REQUEST]: 
[NX Daemon Server] - 2024-06-21T20:59:58.235Z - Time taken for 'hash changed files from watcher' 0.46575899999879766ms
[NX Daemon Server] - 2024-06-21T21:00:01.559Z - [WATCHER]: Processing file changes in outputs
[NX Daemon Server] - 2024-06-21T21:00:04.133Z - [WATCHER]: Processing file changes in outputs
[NX Daemon Server] - 2024-06-21T21:00:04.377Z - [WATCHER]: Processing file changes in outputs
[NX Daemon Server] - 2024-06-21T21:00:04.442Z - [REQUEST]: Responding to the client. recordOutputsHash
[NX Daemon Server] - 2024-06-21T21:00:04.442Z - Done responding to the client recordOutputsHash
[NX Daemon Server] - 2024-06-21T21:00:04.442Z - Handled RECORD_OUTPUTS_HASH. Handling time: 7. Response time: 0.
[NX Daemon Server] - 2024-06-21T21:00:04.463Z - Closed a connection. Number of open connections: 0
[NX Daemon Server] - 2024-06-21T21:00:05.452Z - Established a connection. Number of open connections: 1
[NX Daemon Server] - 2024-06-21T21:00:05.453Z - Closed a connection. Number of open connections: 0
[NX Daemon Server] - 2024-06-21T21:00:05.454Z - Established a connection. Number of open connections: 1
[NX Daemon Server] - 2024-06-21T21:00:05.456Z - [REQUEST]: Client Request for Project Graph Received
[NX Daemon Server] - 2024-06-21T21:00:05.456Z - [REQUEST]: Responding to the client. project-graph
[NX Daemon Server] - 2024-06-21T21:00:05.457Z - Time taken for 'total for creating and serializing project graph' 0.18459000000439119ms
[NX Daemon Server] - 2024-06-21T21:00:05.458Z - Done responding to the client project-graph
[NX Daemon Server] - 2024-06-21T21:00:05.458Z - Handled REQUEST_PROJECT_GRAPH. Handling time: 0. Response time: 2.
[NX Daemon Server] - 2024-06-21T21:00:05.466Z - [REQUEST]: Responding to the client. handleContextFileData
[NX Daemon Server] - 2024-06-21T21:00:05.467Z - Done responding to the client handleContextFileData
[NX Daemon Server] - 2024-06-21T21:00:05.467Z - Handled GET_CONTEXT_FILE_DATA. Handling time: 0. Response time: 1.
[NX Daemon Server] - 2024-06-21T21:00:05.539Z - [REQUEST]: Client Request for Project Graph Received
[NX Daemon Server] - 2024-06-21T21:00:05.540Z - [REQUEST]: Responding to the client. project-graph
[NX Daemon Server] - 2024-06-21T21:00:05.541Z - Time taken for 'total for creating and serializing project graph' 0.19516000000294298ms
[NX Daemon Server] - 2024-06-21T21:00:05.541Z - Done responding to the client project-graph
[NX Daemon Server] - 2024-06-21T21:00:05.541Z - Handled REQUEST_PROJECT_GRAPH. Handling time: 1. Response time: 1.
[NX Daemon Server] - 2024-06-21T21:00:05.573Z - [REQUEST]: Responding to the client. handleHashTasks
[NX Daemon Server] - 2024-06-21T21:00:05.573Z - Done responding to the client handleHashTasks
[NX Daemon Server] - 2024-06-21T21:00:05.573Z - Handled HASH_TASKS. Handling time: 17. Response time: 0.
[NX Daemon Server] - 2024-06-21T21:00:08.819Z - [WATCHER]: packages/reactive/rollup.config-1719003608767.mjs was created or restored
[NX Daemon Server] - 2024-06-21T21:00:08.819Z - [WATCHER]: Processing file changes in outputs
[NX Daemon Server] - 2024-06-21T21:00:08.919Z - [REQUEST]: Updated workspace context based on watched changes, recomputing project graph...
[NX Daemon Server] - 2024-06-21T21:00:08.919Z - [REQUEST]: packages/reactive/rollup.config-1719003608767.mjs
[NX Daemon Server] - 2024-06-21T21:00:08.919Z - [REQUEST]: 
[NX Daemon Server] - 2024-06-21T21:00:08.981Z - Time taken for 'hash changed files from watcher' 0.6098340000025928ms
[NX Daemon Server] - 2024-06-21T21:00:11.100Z - [WATCHER]: Processing file changes in outputs
[NX Daemon Server] - 2024-06-21T21:00:11.525Z - [WATCHER]: Processing file changes in outputs
[NX Daemon Server] - 2024-06-21T21:00:11.575Z - [WATCHER]: Processing file changes in outputs
[NX Daemon Server] - 2024-06-21T21:00:17.323Z - [REQUEST]: Responding to the client. recordOutputsHash
[NX Daemon Server] - 2024-06-21T21:00:17.323Z - Done responding to the client recordOutputsHash
[NX Daemon Server] - 2024-06-21T21:00:17.323Z - Handled RECORD_OUTPUTS_HASH. Handling time: 0. Response time: 0.
[NX Daemon Server] - 2024-06-21T21:00:22.765Z - [WATCHER]: packages/core/rollup.config-1719003622713.mjs was created or restored
[NX Daemon Server] - 2024-06-21T21:00:22.766Z - [WATCHER]: Processing file changes in outputs
[NX Daemon Server] - 2024-06-21T21:00:22.866Z - [REQUEST]: Updated workspace context based on watched changes, recomputing project graph...
[NX Daemon Server] - 2024-06-21T21:00:22.867Z - [REQUEST]: packages/core/rollup.config-1719003622713.mjs
[NX Daemon Server] - 2024-06-21T21:00:22.867Z - [REQUEST]: 
[NX Daemon Server] - 2024-06-21T21:00:22.945Z - Time taken for 'hash changed files from watcher' 0.5336519999982556ms
[NX Daemon Server] - 2024-06-21T21:00:27.755Z - [WATCHER]: Processing file changes in outputs
[NX Daemon Server] - 2024-06-21T21:00:27.808Z - [WATCHER]: Processing file changes in outputs
[NX Daemon Server] - 2024-06-21T21:00:29.492Z - [WATCHER]: Processing file changes in outputs
[NX Daemon Server] - 2024-06-21T21:00:29.645Z - [WATCHER]: Processing file changes in outputs
[NX Daemon Server] - 2024-06-21T21:00:29.817Z - [WATCHER]: Processing file changes in outputs
[NX Daemon Server] - 2024-06-21T21:00:45.115Z - [REQUEST]: Responding to the client. recordOutputsHash
[NX Daemon Server] - 2024-06-21T21:00:45.115Z - Done responding to the client recordOutputsHash
[NX Daemon Server] - 2024-06-21T21:00:45.115Z - Handled RECORD_OUTPUTS_HASH. Handling time: 0. Response time: 0.
[NX Daemon Server] - 2024-06-21T21:00:55.749Z - [WATCHER]: packages/mock/rollup.config-1719003655683.mjs was created or restored
[NX Daemon Server] - 2024-06-21T21:00:55.750Z - [WATCHER]: Processing file changes in outputs
[NX Daemon Server] - 2024-06-21T21:00:55.850Z - [REQUEST]: Updated workspace context based on watched changes, recomputing project graph...
[NX Daemon Server] - 2024-06-21T21:00:55.851Z - [REQUEST]: packages/mock/rollup.config-1719003655683.mjs
[NX Daemon Server] - 2024-06-21T21:00:55.851Z - [REQUEST]: 
[NX Daemon Server] - 2024-06-21T21:00:56.170Z - Time taken for 'hash changed files from watcher' 0.7313770000037039ms
[NX Daemon Server] - 2024-06-21T21:00:56.523Z - [WATCHER]: Processing file changes in outputs
[NX Daemon Server] - 2024-06-21T21:00:56.528Z - [WATCHER]: packages/server/rollup.config-1719003656468.mjs was created or restored
[NX Daemon Server] - 2024-06-21T21:00:56.621Z - [WATCHER]: packages/player/rollup.config-1719003656568.mjs was created or restored
[NX Daemon Server] - 2024-06-21T21:00:56.632Z - [WATCHER]: Processing file changes in outputs
[NX Daemon Server] - 2024-06-21T21:00:56.634Z - [REQUEST]: Updated workspace context based on watched changes, recomputing project graph...
[NX Daemon Server] - 2024-06-21T21:00:56.639Z - [REQUEST]: packages/server/rollup.config-1719003656468.mjs,packages/player/rollup.config-1719003656568.mjs
[NX Daemon Server] - 2024-06-21T21:00:56.639Z - [REQUEST]: 
[NX Daemon Server] - 2024-06-21T21:00:56.851Z - Time taken for 'hash changed files from watcher' 1.126404000009643ms
[NX Daemon Server] - 2024-06-21T21:00:56.907Z - [WATCHER]: Processing file changes in outputs
[NX Daemon Server] - 2024-06-21T21:00:56.908Z - [WATCHER]: packages/grid/rollup.config-1719003656855.mjs was created or restored
[NX Daemon Server] - 2024-06-21T21:00:57.013Z - [REQUEST]: Updated workspace context based on watched changes, recomputing project graph...
[NX Daemon Server] - 2024-06-21T21:00:57.013Z - [REQUEST]: packages/grid/rollup.config-1719003656855.mjs
[NX Daemon Server] - 2024-06-21T21:00:57.013Z - [REQUEST]: 
[NX Daemon Server] - 2024-06-21T21:00:57.205Z - Time taken for 'hash changed files from watcher' 0.7205669999966631ms
[NX Daemon Server] - 2024-06-21T21:00:57.436Z - [WATCHER]: packages/texture/rollup.config-1719003657375.mjs was created or restored
[NX Daemon Server] - 2024-06-21T21:00:57.436Z - [WATCHER]: Processing file changes in outputs
[NX Daemon Server] - 2024-06-21T21:00:57.545Z - [REQUEST]: Updated workspace context based on watched changes, recomputing project graph...
[NX Daemon Server] - 2024-06-21T21:00:57.545Z - [REQUEST]: packages/texture/rollup.config-1719003657375.mjs
[NX Daemon Server] - 2024-06-21T21:00:57.545Z - [REQUEST]: 
[NX Daemon Server] - 2024-06-21T21:00:57.824Z - Time taken for 'hash changed files from watcher' 0.7282200000045123ms
[NX Daemon Server] - 2024-06-21T21:00:57.909Z - [WATCHER]: Processing file changes in outputs
[NX Daemon Server] - 2024-06-21T21:00:57.925Z - [WATCHER]: packages/svg/rollup.config-1719003657845.mjs was created or restored
[NX Daemon Server] - 2024-06-21T21:00:57.998Z - [WATCHER]: packages/svg/rollup.config-1719003657845.mjs was modified
[NX Daemon Server] - 2024-06-21T21:00:57.998Z - [WATCHER]: Processing file changes in outputs
[NX Daemon Server] - 2024-06-21T21:00:58.025Z - [REQUEST]: Updated workspace context based on watched changes, recomputing project graph...
[NX Daemon Server] - 2024-06-21T21:00:58.025Z - [REQUEST]: packages/svg/rollup.config-1719003657845.mjs
[NX Daemon Server] - 2024-06-21T21:00:58.025Z - [REQUEST]: 
[NX Daemon Server] - 2024-06-21T21:00:58.234Z - Time taken for 'hash changed files from watcher' 0.7222049999982119ms
[NX Daemon Server] - 2024-06-21T21:00:58.617Z - [WATCHER]: packages/gradient/rollup.config-1719003658559.mjs was created or restored
[NX Daemon Server] - 2024-06-21T21:00:58.617Z - [WATCHER]: Processing file changes in outputs
[NX Daemon Server] - 2024-06-21T21:00:58.718Z - [REQUEST]: Updated workspace context based on watched changes, recomputing project graph...
[NX Daemon Server] - 2024-06-21T21:00:58.718Z - [REQUEST]: packages/gradient/rollup.config-1719003658559.mjs
[NX Daemon Server] - 2024-06-21T21:00:58.721Z - [REQUEST]: 
[NX Daemon Server] - 2024-06-21T21:00:58.942Z - Time taken for 'hash changed files from watcher' 0.7195189999911236ms
[NX Daemon Server] - 2024-06-21T21:01:02.734Z - [WATCHER]: Processing file changes in outputs
[NX Daemon Server] - 2024-06-21T21:01:03.199Z - [WATCHER]: Processing file changes in outputs
[NX Daemon Server] - 2024-06-21T21:01:03.390Z - [WATCHER]: Processing file changes in outputs
[NX Daemon Server] - 2024-06-21T21:01:03.522Z - [WATCHER]: Processing file changes in outputs
[NX Daemon Server] - 2024-06-21T21:01:03.585Z - [WATCHER]: Processing file changes in outputs
[NX Daemon Server] - 2024-06-21T21:01:03.709Z - [WATCHER]: Processing file changes in outputs
[NX Daemon Server] - 2024-06-21T21:01:03.792Z - [WATCHER]: Processing file changes in outputs
[NX Daemon Server] - 2024-06-21T21:01:03.959Z - [WATCHER]: Processing file changes in outputs
[NX Daemon Server] - 2024-06-21T21:01:04.019Z - [WATCHER]: Processing file changes in outputs
[NX Daemon Server] - 2024-06-21T21:01:04.237Z - [WATCHER]: Processing file changes in outputs
[NX Daemon Server] - 2024-06-21T21:01:04.400Z - [WATCHER]: Processing file changes in outputs
[NX Daemon Server] - 2024-06-21T21:01:04.556Z - [WATCHER]: Processing file changes in outputs
[NX Daemon Server] - 2024-06-21T21:01:04.682Z - [WATCHER]: Processing file changes in outputs
[NX Daemon Server] - 2024-06-21T21:01:04.752Z - [WATCHER]: Processing file changes in outputs
[NX Daemon Server] - 2024-06-21T21:01:05.292Z - [WATCHER]: Processing file changes in outputs
[NX Daemon Server] - 2024-06-21T21:01:06.113Z - [WATCHER]: Processing file changes in outputs
[NX Daemon Server] - 2024-06-21T21:01:06.441Z - [WATCHER]: Processing file changes in outputs
[NX Daemon Server] - 2024-06-21T21:01:06.497Z - [WATCHER]: Processing file changes in outputs
[NX Daemon Server] - 2024-06-21T21:01:06.563Z - [WATCHER]: Processing file changes in outputs
[NX Daemon Server] - 2024-06-21T21:01:06.636Z - [WATCHER]: Processing file changes in outputs
[NX Daemon Server] - 2024-06-21T21:01:07.644Z - [WATCHER]: Processing file changes in outputs
[NX Daemon Server] - 2024-06-21T21:01:07.721Z - [WATCHER]: Processing file changes in outputs
[NX Daemon Server] - 2024-06-21T21:01:07.837Z - [WATCHER]: Processing file changes in outputs
[NX Daemon Server] - 2024-06-21T21:01:07.922Z - [WATCHER]: Processing file changes in outputs
[NX Daemon Server] - 2024-06-21T21:01:08.085Z - [WATCHER]: Processing file changes in outputs
[NX Daemon Server] - 2024-06-21T21:01:20.456Z - [REQUEST]: Responding to the client. recordOutputsHash
[NX Daemon Server] - 2024-06-21T21:01:20.456Z - Done responding to the client recordOutputsHash
[NX Daemon Server] - 2024-06-21T21:01:20.456Z - Handled RECORD_OUTPUTS_HASH. Handling time: 0. Response time: 0.
[NX Daemon Server] - 2024-06-21T21:01:21.890Z - [REQUEST]: Responding to the client. recordOutputsHash
[NX Daemon Server] - 2024-06-21T21:01:21.891Z - Done responding to the client recordOutputsHash
[NX Daemon Server] - 2024-06-21T21:01:21.891Z - Handled RECORD_OUTPUTS_HASH. Handling time: 0. Response time: 1.
[NX Daemon Server] - 2024-06-21T21:01:22.965Z - [REQUEST]: Responding to the client. recordOutputsHash
[NX Daemon Server] - 2024-06-21T21:01:22.965Z - Done responding to the client recordOutputsHash
[NX Daemon Server] - 2024-06-21T21:01:22.965Z - Handled RECORD_OUTPUTS_HASH. Handling time: 0. Response time: 0.
[NX Daemon Server] - 2024-06-21T21:01:23.769Z - [REQUEST]: Responding to the client. recordOutputsHash
[NX Daemon Server] - 2024-06-21T21:01:23.769Z - Done responding to the client recordOutputsHash
[NX Daemon Server] - 2024-06-21T21:01:23.769Z - Handled RECORD_OUTPUTS_HASH. Handling time: 0. Response time: 0.
[NX Daemon Server] - 2024-06-21T21:01:24.963Z - [REQUEST]: Responding to the client. recordOutputsHash
[NX Daemon Server] - 2024-06-21T21:01:24.963Z - Done responding to the client recordOutputsHash
[NX Daemon Server] - 2024-06-21T21:01:24.963Z - Handled RECORD_OUTPUTS_HASH. Handling time: 0. Response time: 0.
[NX Daemon Server] - 2024-06-21T21:01:25.021Z - [REQUEST]: Responding to the client. recordOutputsHash
[NX Daemon Server] - 2024-06-21T21:01:25.021Z - Done responding to the client recordOutputsHash
[NX Daemon Server] - 2024-06-21T21:01:25.021Z - Handled RECORD_OUTPUTS_HASH. Handling time: 0. Response time: 0.
[NX Daemon Server] - 2024-06-21T21:01:25.058Z - [REQUEST]: Responding to the client. recordOutputsHash
[NX Daemon Server] - 2024-06-21T21:01:25.058Z - Done responding to the client recordOutputsHash
[NX Daemon Server] - 2024-06-21T21:01:25.059Z - Handled RECORD_OUTPUTS_HASH. Handling time: 0. Response time: 1.
[NX Daemon Server] - 2024-06-21T21:01:30.414Z - [WATCHER]: Processing file changes in outputs
[NX Daemon Server] - 2024-06-21T21:01:30.415Z - [WATCHER]: packages/euclid/rollup.config-1719003690357.mjs was created or restored
[NX Daemon Server] - 2024-06-21T21:01:30.519Z - [REQUEST]: Updated workspace context based on watched changes, recomputing project graph...
[NX Daemon Server] - 2024-06-21T21:01:30.519Z - [REQUEST]: packages/euclid/rollup.config-1719003690357.mjs
[NX Daemon Server] - 2024-06-21T21:01:30.519Z - [REQUEST]: 
[NX Daemon Server] - 2024-06-21T21:01:30.669Z - [WATCHER]: packages/canvas/rollup.config-1719003690554.mjs was created or restored
[NX Daemon Server] - 2024-06-21T21:01:30.670Z - [WATCHER]: Processing file changes in outputs
[NX Daemon Server] - 2024-06-21T21:01:30.670Z - Time taken for 'hash changed files from watcher' 0.6809789999970235ms
[NX Daemon Server] - 2024-06-21T21:01:30.708Z - [WATCHER]: Processing file changes in outputs
[NX Daemon Server] - 2024-06-21T21:01:30.710Z - [WATCHER]: packages/graphics/rollup.config-1719003690654.mjs was created or restored
[NX Daemon Server] - 2024-06-21T21:01:30.770Z - [REQUEST]: Updated workspace context based on watched changes, recomputing project graph...
[NX Daemon Server] - 2024-06-21T21:01:30.770Z - [REQUEST]: packages/canvas/rollup.config-1719003690554.mjs,packages/graphics/rollup.config-1719003690654.mjs
[NX Daemon Server] - 2024-06-21T21:01:30.770Z - [REQUEST]: 
[NX Daemon Server] - 2024-06-21T21:01:30.850Z - Time taken for 'hash changed files from watcher' 0.8213619999878574ms
[NX Daemon Server] - 2024-06-21T21:01:33.824Z - [WATCHER]: Processing file changes in outputs
[NX Daemon Server] - 2024-06-21T21:01:33.988Z - [WATCHER]: Processing file changes in outputs
[NX Daemon Server] - 2024-06-21T21:01:34.114Z - [WATCHER]: Processing file changes in outputs
[NX Daemon Server] - 2024-06-21T21:01:34.401Z - [WATCHER]: Processing file changes in outputs
[NX Daemon Server] - 2024-06-21T21:01:34.457Z - [WATCHER]: Processing file changes in outputs
[NX Daemon Server] - 2024-06-21T21:01:35.422Z - [WATCHER]: Processing file changes in outputs
[NX Daemon Server] - 2024-06-21T21:01:35.472Z - [WATCHER]: Processing file changes in outputs
[NX Daemon Server] - 2024-06-21T21:01:38.360Z - [WATCHER]: Processing file changes in outputs
[NX Daemon Server] - 2024-06-21T21:01:38.548Z - [WATCHER]: Processing file changes in outputs
[NX Daemon Server] - 2024-06-21T21:01:41.390Z - [REQUEST]: Responding to the client. recordOutputsHash
[NX Daemon Server] - 2024-06-21T21:01:41.390Z - Done responding to the client recordOutputsHash
[NX Daemon Server] - 2024-06-21T21:01:41.390Z - Handled RECORD_OUTPUTS_HASH. Handling time: 0. Response time: 0.
[NX Daemon Server] - 2024-06-21T21:01:44.660Z - [REQUEST]: Responding to the client. recordOutputsHash
[NX Daemon Server] - 2024-06-21T21:01:44.660Z - Done responding to the client recordOutputsHash
[NX Daemon Server] - 2024-06-21T21:01:44.661Z - Handled RECORD_OUTPUTS_HASH. Handling time: 0. Response time: 1.
[NX Daemon Server] - 2024-06-21T21:01:45.519Z - [REQUEST]: Responding to the client. recordOutputsHash
[NX Daemon Server] - 2024-06-21T21:01:45.519Z - Done responding to the client recordOutputsHash
[NX Daemon Server] - 2024-06-21T21:01:45.519Z - Handled RECORD_OUTPUTS_HASH. Handling time: 0. Response time: 0.
[NX Daemon Server] - 2024-06-21T21:01:45.532Z - Closed a connection. Number of open connections: 0
